<?xml version="1.0" encoding="UTF-8"?>
<testng-results skipped="0" failed="0" ignored="0" total="0" passed="0">
  <reporter-output>
  </reporter-output>
  <suite name="multiscenariosinglefile.RunOneFolderStepDefTest" duration-ms="5" started-at="2018-07-10T10:05:00Z" finished-at="2018-07-10T10:05:00Z">
    <groups>
    </groups>
    <test name="Command line test" duration-ms="5" started-at="2018-07-10T10:05:00Z" finished-at="2018-07-10T10:05:00Z">
    </test> <!-- Command line test -->
  </suite> <!-- multiscenariosinglefile.RunOneFolderStepDefTest -->
</testng-results>
